<?xml version="1.0" encoding="UTF-8" ?>
<testsuite tests="8" failures="0" name="cucumber.Options.TestRunner" time="0.002" errors="0" skipped="0">
  <properties>
[...]
</properties>
  <testcase classname="| status | OK |" name="Given GET place API with &quot;placeId&quot;" time="0.002"/>
  <testcase classname="| status | OK |" name="When post the request to &quot;getplaceAPI&quot; with HTTP &quot;GET&quot; method" time="0"/>
  <testcase classname="| status | OK |" name="Then validate the status code is 200" time="0"/>
  <testcase classname="| status | OK |" name="Given Delete place API is available with payload" time="0"/>
  <testcase classname="| status | OK |" name="When post the request to &quot;deleteplaceAPI&quot; with HTTP &quot;DELETE&quot; method" time="0"/>
  <testcase classname="| status | OK |" name="Then validate the status code is 200" time="0"/>
  <testcase classname="| status | OK |" name="And the &quot;status&quot; is &quot;OK&quot; in generated in the response and get placeId" time="0"/>
  <testcase classname="| status | OK |" name="| status | OK |" time="0"/>
</testsuite>